Build started 4/24/2013 7:57:16 PM.
     1>Project "C:\Users\paul\Documents\Visual Studio 2010\Projects\CS 530 Assignment 2\CS 530 Assignment 2\CS 530 Assignment 2.vcxproj" on node 2 (build target(s)).
     1>InitializeBuildStatus:
         Creating "Debug\CS 530 Assignment 3.unsuccessfulbuild" because "AlwaysCreate" was specified.
       ClCompile:
         c:\Program Files (x86)\Microsoft Visual Studio 10.0\VC\bin\CL.exe /c /ZI /nologo /W3 /WX- /Od /Oy- /D WIN32 /D _DEBUG /D _CONSOLE /D _UNICODE /D UNICODE /Gm /EHsc /RTC1 /MDd /GS /fp:precise /Zc:wchar_t /Zc:forScope /Fo"Debug\\" /Fd"Debug\vc100.pdb" /Gd /TP /analyze- /errorReport:prompt Parser.cpp
         Parser.cpp
     1>c:\users\paul\documents\visual studio 2010\projects\cs 530 assignment 2\cs 530 assignment 2\parser.cpp(182): warning C4996: 'fopen': This function or variable may be unsafe. Consider using fopen_s instead. To disable deprecation, use _CRT_SECURE_NO_WARNINGS. See online help for details.
                 c:\program files (x86)\microsoft visual studio 10.0\vc\include\stdio.h(234) : see declaration of 'fopen'
     1>c:\users\paul\documents\visual studio 2010\projects\cs 530 assignment 2\cs 530 assignment 2\parser.cpp(213): warning C4018: '<' : signed/unsigned mismatch
     1>c:\users\paul\documents\visual studio 2010\projects\cs 530 assignment 2\cs 530 assignment 2\parser.cpp(255): warning C4018: '<' : signed/unsigned mismatch
     1>c:\users\paul\documents\visual studio 2010\projects\cs 530 assignment 2\cs 530 assignment 2\parser.cpp(283): warning C4018: '<' : signed/unsigned mismatch
     1>c:\users\paul\documents\visual studio 2010\projects\cs 530 assignment 2\cs 530 assignment 2\parser.cpp(357): warning C4018: '<' : signed/unsigned mismatch
     1>c:\users\paul\documents\visual studio 2010\projects\cs 530 assignment 2\cs 530 assignment 2\parser.cpp(382): warning C4018: '<' : signed/unsigned mismatch
       ManifestResourceCompile:
         All outputs are up-to-date.
       Link:
         c:\Program Files (x86)\Microsoft Visual Studio 10.0\VC\bin\link.exe /ERRORREPORT:PROMPT /OUT:"C:\Users\paul\Documents\Visual Studio 2010\Projects\CS 530 Assignment 2\Debug\CS 530 Assignment 3.exe" /INCREMENTAL /NOLOGO kernel32.lib user32.lib gdi32.lib winspool.lib comdlg32.lib advapi32.lib shell32.lib ole32.lib oleaut32.lib uuid.lib odbc32.lib odbccp32.lib /MANIFEST /ManifestFile:"Debug\CS 530 Assignment 3.exe.intermediate.manifest" /MANIFESTUAC:"level='asInvoker' uiAccess='false'" /DEBUG /PDB:"C:\Users\paul\Documents\Visual Studio 2010\Projects\CS 530 Assignment 2\Debug\CS 530 Assignment 3.pdb" /SUBSYSTEM:CONSOLE /TLBID:1 /DYNAMICBASE /NXCOMPAT /IMPLIB:"C:\Users\paul\Documents\Visual Studio 2010\Projects\CS 530 Assignment 2\Debug\CS 530 Assignment 3.lib" /MACHINE:X86 "Debug\CS 530 Assignment 3.exe.embed.manifest.res"
         Debug\Parser.obj /FORCE 
     1>LINK : warning LNK4075: ignoring '/INCREMENTAL' due to '/FORCE' specification
       Manifest:
         C:\Program Files (x86)\Microsoft SDKs\Windows\v7.0A\bin\mt.exe /nologo /verbose /out:"Debug\CS 530 Assignment 3.exe.embed.manifest" /manifest "Debug\CS 530 Assignment 3.exe.intermediate.manifest"
         All outputs are up-to-date.
       LinkEmbedManifest:
         All outputs are up-to-date.
         CS 530 Assignment 2.vcxproj -> C:\Users\paul\Documents\Visual Studio 2010\Projects\CS 530 Assignment 2\Debug\CS 530 Assignment 3.exe
       FinalizeBuildStatus:
         Deleting file "Debug\CS 530 Assignment 3.unsuccessfulbuild".
         Touching "Debug\CS 530 Assignment 3.lastbuildstate".
     1>Done Building Project "C:\Users\paul\Documents\Visual Studio 2010\Projects\CS 530 Assignment 2\CS 530 Assignment 2\CS 530 Assignment 2.vcxproj" (build target(s)).

Build succeeded.

Time Elapsed 00:00:00.92
