C:\Users\paul\Documents\Visual Studio 2010\Projects\CS 530 Assignment 2\CS 530 Assignment 2\Debug\cl.command.1.tlog
C:\Users\paul\Documents\Visual Studio 2010\Projects\CS 530 Assignment 2\CS 530 Assignment 2\Debug\CL.read.1.tlog
C:\Users\paul\Documents\Visual Studio 2010\Projects\CS 530 Assignment 2\CS 530 Assignment 2\Debug\CL.write.1.tlog
C:\USERS\PAUL\DOCUMENTS\VISUAL STUDIO 2010\PROJECTS\CS 530 ASSIGNMENT 2\CS 530 ASSIGNMENT 2\DEBUG\CS 530 ASSIGNMENT 3.EXE.EMBED.MANIFEST
C:\USERS\PAUL\DOCUMENTS\VISUAL STUDIO 2010\PROJECTS\CS 530 ASSIGNMENT 2\CS 530 ASSIGNMENT 2\DEBUG\CS 530 ASSIGNMENT 3.EXE.EMBED.MANIFEST.RES
C:\USERS\PAUL\DOCUMENTS\VISUAL STUDIO 2010\PROJECTS\CS 530 ASSIGNMENT 2\CS 530 ASSIGNMENT 2\DEBUG\CS 530 ASSIGNMENT 3.EXE.INTERMEDIATE.MANIFEST
C:\Users\paul\Documents\Visual Studio 2010\Projects\CS 530 Assignment 2\CS 530 Assignment 2\Debug\CS 530 Assignment 3.write.1.tlog
C:\Users\paul\Documents\Visual Studio 2010\Projects\CS 530 Assignment 2\CS 530 Assignment 2\Debug\CS 530 Assignment 3_manifest.rc
C:\Users\paul\Documents\Visual Studio 2010\Projects\CS 530 Assignment 2\CS 530 Assignment 2\Debug\link.command.1.tlog
C:\Users\paul\Documents\Visual Studio 2010\Projects\CS 530 Assignment 2\CS 530 Assignment 2\Debug\link.read.1.tlog
C:\Users\paul\Documents\Visual Studio 2010\Projects\CS 530 Assignment 2\CS 530 Assignment 2\Debug\link.write.1.tlog
C:\Users\paul\Documents\Visual Studio 2010\Projects\CS 530 Assignment 2\CS 530 Assignment 2\Debug\link-cvtres.read.1.tlog
C:\Users\paul\Documents\Visual Studio 2010\Projects\CS 530 Assignment 2\CS 530 Assignment 2\Debug\link-cvtres.write.1.tlog
C:\Users\paul\Documents\Visual Studio 2010\Projects\CS 530 Assignment 2\CS 530 Assignment 2\Debug\mt.command.1.tlog
C:\Users\paul\Documents\Visual Studio 2010\Projects\CS 530 Assignment 2\CS 530 Assignment 2\Debug\mt.read.1.tlog
C:\Users\paul\Documents\Visual Studio 2010\Projects\CS 530 Assignment 2\CS 530 Assignment 2\Debug\mt.write.1.tlog
C:\USERS\PAUL\DOCUMENTS\VISUAL STUDIO 2010\PROJECTS\CS 530 ASSIGNMENT 2\CS 530 ASSIGNMENT 2\DEBUG\PARSER.OBJ
C:\Users\paul\Documents\Visual Studio 2010\Projects\CS 530 Assignment 2\CS 530 Assignment 2\Debug\rc.command.1.tlog
C:\Users\paul\Documents\Visual Studio 2010\Projects\CS 530 Assignment 2\CS 530 Assignment 2\Debug\rc.read.1.tlog
C:\Users\paul\Documents\Visual Studio 2010\Projects\CS 530 Assignment 2\CS 530 Assignment 2\Debug\rc.write.1.tlog
C:\Users\paul\Documents\Visual Studio 2010\Projects\CS 530 Assignment 2\CS 530 Assignment 2\Debug\vc100.idb
C:\USERS\PAUL\DOCUMENTS\VISUAL STUDIO 2010\PROJECTS\CS 530 ASSIGNMENT 2\CS 530 ASSIGNMENT 2\DEBUG\VC100.PDB
C:\USERS\PAUL\DOCUMENTS\VISUAL STUDIO 2010\PROJECTS\CS 530 ASSIGNMENT 2\DEBUG\CS 530 ASSIGNMENT 3.EXE
C:\USERS\PAUL\DOCUMENTS\VISUAL STUDIO 2010\PROJECTS\CS 530 ASSIGNMENT 2\DEBUG\CS 530 ASSIGNMENT 3.PDB
